{"/Users/kevin/project/lib-large-number/src/index.js":{"path":"/Users/kevin/project/lib-large-number/src/index.js","s":{"1":1,"2":3,"3":3,"4":3,"5":3,"6":3,"7":18,"8":18,"9":18,"10":18,"11":3,"12":3,"13":18,"14":18,"15":18,"16":18,"17":18,"18":16,"19":16,"20":2,"21":18,"22":3,"23":1,"24":3,"25":1},"b":{"1":[21,18],"2":[3,15],"3":[18,0],"4":[16,2],"5":[1,2]},"f":{"1":3},"fnMap":{"1":{"name":"add","line":11,"loc":{"start":{"line":11,"column":0},"end":{"line":11,"column":19}}}},"statementMap":{"1":{"start":{"line":11,"column":0},"end":{"line":53,"column":1}},"2":{"start":{"line":12,"column":2},"end":{"line":12,"column":23}},"3":{"start":{"line":13,"column":2},"end":{"line":13,"column":23}},"4":{"start":{"line":16,"column":2},"end":{"line":16,"column":16}},"5":{"start":{"line":17,"column":2},"end":{"line":17,"column":15}},"6":{"start":{"line":19,"column":2},"end":{"line":46,"column":3}},"7":{"start":{"line":20,"column":4},"end":{"line":20,"column":14}},"8":{"start":{"line":21,"column":4},"end":{"line":21,"column":14}},"9":{"start":{"line":22,"column":4},"end":{"line":22,"column":12}},"10":{"start":{"line":24,"column":4},"end":{"line":28,"column":5}},"11":{"start":{"line":26,"column":6},"end":{"line":26,"column":21}},"12":{"start":{"line":27,"column":6},"end":{"line":27,"column":13}},"13":{"start":{"line":30,"column":4},"end":{"line":34,"column":5}},"14":{"start":{"line":32,"column":6},"end":{"line":32,"column":21}},"15":{"start":{"line":33,"column":6},"end":{"line":33,"column":13}},"16":{"start":{"line":36,"column":4},"end":{"line":36,"column":24}},"17":{"start":{"line":38,"column":4},"end":{"line":43,"column":5}},"18":{"start":{"line":39,"column":6},"end":{"line":39,"column":16}},"19":{"start":{"line":40,"column":6},"end":{"line":40,"column":16}},"20":{"start":{"line":42,"column":6},"end":{"line":42,"column":16}},"21":{"start":{"line":45,"column":4},"end":{"line":45,"column":20}},"22":{"start":{"line":48,"column":2},"end":{"line":50,"column":3}},"23":{"start":{"line":49,"column":4},"end":{"line":49,"column":22}},"24":{"start":{"line":52,"column":2},"end":{"line":52,"column":13}},"25":{"start":{"line":56,"column":0},"end":{"line":56,"column":21}}},"branchMap":{"1":{"line":19,"type":"binary-expr","locations":[{"start":{"line":19,"column":9},"end":{"line":19,"column":15}},{"start":{"line":19,"column":19},"end":{"line":19,"column":25}}]},"2":{"line":24,"type":"if","locations":[{"start":{"line":24,"column":4},"end":{"line":24,"column":4}},{"start":{"line":24,"column":4},"end":{"line":24,"column":4}}]},"3":{"line":30,"type":"if","locations":[{"start":{"line":30,"column":4},"end":{"line":30,"column":4}},{"start":{"line":30,"column":4},"end":{"line":30,"column":4}}]},"4":{"line":38,"type":"if","locations":[{"start":{"line":38,"column":4},"end":{"line":38,"column":4}},{"start":{"line":38,"column":4},"end":{"line":38,"column":4}}]},"5":{"line":48,"type":"if","locations":[{"start":{"line":48,"column":2},"end":{"line":48,"column":2}},{"start":{"line":48,"column":2},"end":{"line":48,"column":2}}]}}}}